<?xml version="1.0" encoding="UTF-8"?>
<!-- Generated by org.testng.reporters.JUnitXMLReporter -->
<testsuite hostname="peter-N56VJ" name="Command line test" tests="15" failures="0" timestamp="29 Oct 2016 17:00:27 GMT" time="6.758" errors="0">
  <testcase name="createAndFintById" time="0.013" classname="cz.fi.muni.pa165.dao.GoalDaoTest"/>
  <testcase name="createWithNull" time="0.006" classname="cz.fi.muni.pa165.dao.GoalDaoTest"/>
  <testcase name="deleteGame" time="0.007" classname="cz.fi.muni.pa165.dao.GoalDaoTest"/>
  <testcase name="findAll" time="0.224" classname="cz.fi.muni.pa165.dao.GoalDaoTest"/>
  <testcase name="findById" time="0.003" classname="cz.fi.muni.pa165.dao.GoalDaoTest"/>
  <testcase name="findByPlayer" time="0.103" classname="cz.fi.muni.pa165.dao.GoalDaoTest"/>
  <testcase name="testWithGame" time="0.001" classname="cz.fi.muni.pa165.dao.GoalDaoTest"/>
  <testcase name="testWithPlayer" time="0.0" classname="cz.fi.muni.pa165.dao.GoalDaoTest"/>
  <testcase name="updateGoal" time="0.001" classname="cz.fi.muni.pa165.dao.GoalDaoTest"/>
  <testcase name="create" time="0.002" classname="cz.fi.muni.pa165.dao.TeamDaoTest"/>
  <testcase name="delete" time="0.001" classname="cz.fi.muni.pa165.dao.TeamDaoTest"/>
  <testcase name="findAll" time="0.039" classname="cz.fi.muni.pa165.dao.TeamDaoTest"/>
  <testcase name="findById" time="0.001" classname="cz.fi.muni.pa165.dao.TeamDaoTest"/>
  <testcase name="findByName" time="0.058" classname="cz.fi.muni.pa165.dao.TeamDaoTest"/>
  <testcase name="update" time="0.002" classname="cz.fi.muni.pa165.dao.TeamDaoTest"/>
</testsuite> <!-- Command line test -->
