<?xml version="1.0" encoding="UTF-8"?>
<!-- Generated by org.testng.reporters.JUnitXMLReporter -->
<testsuite hostname="ubuntu" name="Command line test" tests="3" failures="0" timestamp="23 Oct 2016 16:18:09 GMT" time="5.501" errors="0">
  <testcase name="create" time="0.01" classname="www.muni.cz.dao.TeamDaoTest"/>
  <testcase name="delete" time="0.004" classname="www.muni.cz.dao.TeamDaoTest"/>
  <testcase name="findById" time="0.001" classname="www.muni.cz.dao.TeamDaoTest"/>
</testsuite> <!-- Command line test -->
