<?xml version="1.0" encoding="UTF-8"?>
<!-- Generated by org.testng.reporters.JUnitXMLReporter -->
<testsuite hostname="ubuntu" name="Command line test" tests="6" failures="0" timestamp="23 Oct 2016 19:20:05 GMT" time="8.48" errors="0">
  <testcase name="create" time="0.012" classname="www.muni.cz.dao.TeamDaoTest"/>
  <testcase name="delete" time="0.005" classname="www.muni.cz.dao.TeamDaoTest"/>
  <testcase name="findAll" time="0.25" classname="www.muni.cz.dao.TeamDaoTest"/>
  <testcase name="findById" time="0.0" classname="www.muni.cz.dao.TeamDaoTest"/>
  <testcase name="findByName" time="0.055" classname="www.muni.cz.dao.TeamDaoTest"/>
  <testcase name="update" time="0.005" classname="www.muni.cz.dao.TeamDaoTest"/>
</testsuite> <!-- Command line test -->
