<?xml version="1.0" encoding="UTF-8"?>
<testng-results skipped="0" failed="0" total="1" passed="1">
  <reporter-output>
  </reporter-output>
  <suite name="www.muni.cz.dao.TeamDaoTest" duration-ms="8612" started-at="2016-10-23T09:30:35Z" finished-at="2016-10-23T09:30:44Z">
    <groups>
    </groups>
    <test name="Command line test" duration-ms="8612" started-at="2016-10-23T09:30:35Z" finished-at="2016-10-23T09:30:44Z">
      <class name="www.muni.cz.dao.TeamDaoTest">
        <test-method status="PASS" signature="springTestContextBeforeTestClass()[pri:0, instance:www.muni.cz.dao.TeamDaoTest@63440df3]" name="springTestContextBeforeTestClass" is-config="true" duration-ms="7" started-at="2016-10-23T02:30:35Z" finished-at="2016-10-23T02:30:35Z">
          <reporter-output>
          </reporter-output>
        </test-method> <!-- springTestContextBeforeTestClass -->
        <test-method status="PASS" signature="springTestContextPrepareTestInstance()[pri:0, instance:www.muni.cz.dao.TeamDaoTest@63440df3]" name="springTestContextPrepareTestInstance" is-config="true" duration-ms="8424" started-at="2016-10-23T02:30:35Z" depends-on-methods="org.springframework.test.context.testng.AbstractTestNGSpringContextTests.springTestContextBeforeTestClass" finished-at="2016-10-23T02:30:44Z">
          <reporter-output>
          </reporter-output>
        </test-method> <!-- springTestContextPrepareTestInstance -->
        <test-method status="PASS" signature="springTestContextBeforeTestMethod(java.lang.reflect.Method)[pri:0, instance:www.muni.cz.dao.TeamDaoTest@63440df3]" name="springTestContextBeforeTestMethod" is-config="true" duration-ms="129" started-at="2016-10-23T02:30:44Z" finished-at="2016-10-23T02:30:44Z">
          <params>
            <param index="0">
              <value>
                <![CDATA[public void www.muni.cz.dao.TeamDaoTest.findById()]]>
              </value>
            </param>
          </params>
          <reporter-output>
          </reporter-output>
        </test-method> <!-- springTestContextBeforeTestMethod -->
        <test-method status="PASS" signature="createUsers()[pri:0, instance:www.muni.cz.dao.TeamDaoTest@63440df3]" name="createUsers" is-config="true" duration-ms="29" started-at="2016-10-23T02:30:44Z" finished-at="2016-10-23T02:30:44Z">
          <reporter-output>
          </reporter-output>
        </test-method> <!-- createUsers -->
        <test-method status="PASS" signature="findById()[pri:0, instance:www.muni.cz.dao.TeamDaoTest@63440df3]" name="findById" duration-ms="6" started-at="2016-10-23T02:30:44Z" finished-at="2016-10-23T02:30:44Z">
          <reporter-output>
          </reporter-output>
        </test-method> <!-- findById -->
        <test-method status="PASS" signature="springTestContextAfterTestMethod(java.lang.reflect.Method)[pri:0, instance:www.muni.cz.dao.TeamDaoTest@63440df3]" name="springTestContextAfterTestMethod" is-config="true" duration-ms="8" started-at="2016-10-23T02:30:44Z" finished-at="2016-10-23T02:30:44Z">
          <params>
            <param index="0">
              <value>
                <![CDATA[public void www.muni.cz.dao.TeamDaoTest.findById()]]>
              </value>
            </param>
          </params>
          <reporter-output>
          </reporter-output>
        </test-method> <!-- springTestContextAfterTestMethod -->
        <test-method status="PASS" signature="springTestContextAfterTestClass()[pri:0, instance:www.muni.cz.dao.TeamDaoTest@63440df3]" name="springTestContextAfterTestClass" is-config="true" duration-ms="1" started-at="2016-10-23T02:30:44Z" finished-at="2016-10-23T02:30:44Z">
          <reporter-output>
          </reporter-output>
        </test-method> <!-- springTestContextAfterTestClass -->
      </class> <!-- www.muni.cz.dao.TeamDaoTest -->
    </test> <!-- Command line test -->
  </suite> <!-- www.muni.cz.dao.TeamDaoTest -->
</testng-results>
