<?xml version="1.0" encoding="UTF-8"?>
<!-- Generated by org.testng.reporters.JUnitXMLReporter -->
<testsuite hostname="ubuntu" name="Command line test" tests="6" failures="0" timestamp="24 Oct 2016 18:38:08 GMT" time="7.439" errors="0">
  <testcase name="create" time="0.006" classname="cz.fi.muni.pa165.dao.TeamDaoTest"/>
  <testcase name="delete" time="0.006" classname="cz.fi.muni.pa165.dao.TeamDaoTest"/>
  <testcase name="findAll" time="0.224" classname="cz.fi.muni.pa165.dao.TeamDaoTest"/>
  <testcase name="findById" time="0.0" classname="cz.fi.muni.pa165.dao.TeamDaoTest"/>
  <testcase name="findByName" time="0.065" classname="cz.fi.muni.pa165.dao.TeamDaoTest"/>
  <testcase name="update" time="0.007" classname="cz.fi.muni.pa165.dao.TeamDaoTest"/>
</testsuite> <!-- Command line test -->
